"../../../../../Unreal Projects/Defend/Content/Blueprint/AIController.uasset" 0
"../../../../../Unreal Projects/Defend/Content/Blueprint/BTDecorator_BlueprintBase_New.uasset" 1
"../../../../../Unreal Projects/Defend/Content/Blueprint/BTService_BlueprintBase_New.uasset" 2
"../../../../../Unreal Projects/Defend/Content/Blueprint/BTTask_BlueprintBase_New.uasset" 3
"../../../../../Unreal Projects/Defend/Content/MaterialsAndTextures/Tile.uasset" 4
"../../../../../Unreal Projects/Defend/Content/MaterialsAndTextures/Tile_Mat.uasset" 5
"../../../Engine/Content/Functions/Engine_MaterialFunctions01/Opacity/CameraDepthFade.uasset" 6
"../../../Engine/Content/EngineMaterials/T_Default_Material_Grid_M.uasset" 7
"../../../Engine/Content/EngineMaterials/T_Default_Material_Grid_N.uasset" 8
"../../../Engine/Content/EngineMaterials/WorldGridMaterial.uasset" 9
"../../../Engine/Content/BasicShapes/Plane.uasset" 10
"../../../../../Unreal Projects/Defend/Content/Blueprint/GridSpace_2018-02-11-01-01-39.uasset" 11
"../../../../../Unreal Projects/Defend/Content/Blueprint/mainmenu_Auto2.uasset" 12
"../../../../../Unreal Projects/Defend/Content/Blueprint/NavFilter.uasset" 13
"../../../../../Unreal Projects/Defend/Content/Blueprint/TowerBase.uasset" 14
"../../../../../Unreal Projects/Defend/Content/MaterialsAndTextures/Tile_Green.uasset" 15
"../../../../../Unreal Projects/Defend/Content/MaterialsAndTextures/Tile_Red.uasset" 16
"../../../../../Unreal Projects/Defend/Content/MaterialsAndTextures/Tile_TileSet.uasset" 17
"../../../../../Unreal Projects/Defend/Content/MobileStarterContent/Materials/M_Basic_Wall.uasset" 18
"../../../../../Unreal Projects/Defend/Content/MobileStarterContent/Architecture/Pillar_50x500.uasset" 19
"../../../../../Unreal Projects/Defend/Content/MobileStarterContent/Architecture/Wall_400x300.uasset" 20
"../../../../../Unreal Projects/Defend/Content/MobileStarterContent/Architecture/Wall_400x400.uasset" 21
"../../../../../Unreal Projects/Defend/Content/MobileStarterContent/Architecture/Wall_500x500.uasset" 22
"../../../../../Unreal Projects/Defend/Content/MobileStarterContent/Architecture/Wall_Door_400x400.uasset" 23
"../../../../../Unreal Projects/Defend/Content/MobileStarterContent/Architecture/Wall_Window_400x400.uasset" 24
"../../../../../Unreal Projects/Defend/Content/MobileStarterContent/Audio/Light01.uasset" 25
"../../../../../Unreal Projects/Defend/Content/MobileStarterContent/Audio/Light01_Cue.uasset" 26
"../../../../../Unreal Projects/Defend/Content/MobileStarterContent/Audio/Light02.uasset" 27
"../../../../../Unreal Projects/Defend/Content/MobileStarterContent/Audio/Light02_Cue.uasset" 28
"../../../../../Unreal Projects/Defend/Content/MobileStarterContent/Audio/Steam01.uasset" 29
"../../../../../Unreal Projects/Defend/Content/MobileStarterContent/Audio/Steam01_Cue.uasset" 30
"../../../../../Unreal Projects/Defend/Content/MobileStarterContent/Audio/Explosion01.uasset" 31
"../../../../../Unreal Projects/Defend/Content/MobileStarterContent/Audio/Explosion02.uasset" 32
"../../../../../Unreal Projects/Defend/Content/MobileStarterContent/Audio/Explosion_Cue.uasset" 33
"../../../../../Unreal Projects/Defend/Content/MobileStarterContent/Textures/T_Burst_M.uasset" 34
"../../../../../Unreal Projects/Defend/Content/MobileStarterContent/Particles/Materials/M_Burst.uasset" 35
"../../../../../Unreal Projects/Defend/Content/MobileStarterContent/Textures/T_Explosion_SubUV.uasset" 36
"../../../../../Unreal Projects/Defend/Content/MobileStarterContent/Particles/Materials/M_explosion_subUV.uasset" 37
"../../../../../Unreal Projects/Defend/Content/MobileStarterContent/Particles/Materials/m_flare_01.uasset" 38
"../../../Engine/Content/Functions/Engine_MaterialFunctions01/Gradient/RadialGradient.uasset" 39
"../../../../../Unreal Projects/Defend/Content/MobileStarterContent/Particles/Materials/M_radial_ramp.uasset" 40
"../../../../../Unreal Projects/Defend/Content/MobileStarterContent/Textures/T_Smoke_SubUV.uasset" 41
"../../../../../Unreal Projects/Defend/Content/MobileStarterContent/Textures/T_Smoke_Tiled_D.uasset" 42
"../../../../../Unreal Projects/Defend/Content/MobileStarterContent/Particles/Materials/M_smoke_subUV.uasset" 43
"../../../../../Unreal Projects/Defend/Content/MobileStarterContent/Particles/P_Explosion.uasset" 44
"../../../../../Unreal Projects/Defend/Content/MobileStarterContent/Blueprints/Blueprint_Effect_Explosion.uasset" 45
"../../../../../Unreal Projects/Defend/Content/MobileStarterContent/Textures/T_Bush_D.uasset" 46
"../../../../../Unreal Projects/Defend/Content/MobileStarterContent/Textures/T_Bush_N.uasset" 47
"../../../../../Unreal Projects/Defend/Content/MobileStarterContent/Props/Materials/M_Bush.uasset" 48
"../../../../../Unreal Projects/Defend/Content/MobileStarterContent/Props/SM_Bush.uasset" 49
"../../../../../Unreal Projects/Defend/Content/MobileStarterContent/Textures/T_Chair_M.uasset" 50
"../../../../../Unreal Projects/Defend/Content/MobileStarterContent/Textures/T_Chair_N.uasset" 51
"../../../../../Unreal Projects/Defend/Content/MobileStarterContent/Props/Materials/M_Chair.uasset" 52
"../../../../../Unreal Projects/Defend/Content/MobileStarterContent/Props/SM_Couch.uasset" 53
"../../../../../Unreal Projects/Defend/Content/MobileStarterContent/Materials/M_Glass.uasset" 54
"../../../../../Unreal Projects/Defend/Content/MobileStarterContent/Textures/T_Door_M.uasset" 55
"../../../../../Unreal Projects/Defend/Content/MobileStarterContent/Textures/T_Door_N.uasset" 56
"../../../../../Unreal Projects/Defend/Content/MobileStarterContent/Props/Materials/M_Door.uasset" 57
"../../../../../Unreal Projects/Defend/Content/MobileStarterContent/Props/SM_Door.uasset" 58
"../../../../../Unreal Projects/Defend/Content/MobileStarterContent/Props/Materials/M_MaterialSphere.uasset" 59
"../../../../../Unreal Projects/Defend/Content/MobileStarterContent/Props/Materials/M_MaterialSphere_Plain.uasset" 60
"../../../../../Unreal Projects/Defend/Content/MobileStarterContent/Props/SM_MatPreviewMesh_02.uasset" 61
"../../../../../Unreal Projects/Defend/Content/MobileStarterContent/Textures/T_Rock_Basalt_D.uasset" 62
"../../../../../Unreal Projects/Defend/Content/MobileStarterContent/Textures/T_RockMesh_M.uasset" 63
"../../../../../Unreal Projects/Defend/Content/MobileStarterContent/Textures/T_RockMesh_N.uasset" 64
"../../../../../Unreal Projects/Defend/Content/MobileStarterContent/Props/Materials/M_Rock.uasset" 65
"../../../../../Unreal Projects/Defend/Content/MobileStarterContent/Props/SM_Rock.uasset" 66
"../../../../../Unreal Projects/Defend/Content/MobileStarterContent/Textures/T_Shelf_M.uasset" 67
"../../../../../Unreal Projects/Defend/Content/MobileStarterContent/Textures/T_Shelf_N.uasset" 68
"../../../../../Unreal Projects/Defend/Content/MobileStarterContent/Props/Materials/M_Shelf.uasset" 69
"../../../../../Unreal Projects/Defend/Content/MobileStarterContent/Props/SM_Shelf.uasset" 70
"../../../../../Unreal Projects/Defend/Content/MobileStarterContent/Props/SM_Stairs.uasset" 71
"../../../../../Unreal Projects/Defend/Content/MobileStarterContent/Shapes/Shape_Cone.uasset" 72
"../../../../../Unreal Projects/Defend/Content/MobileStarterContent/Shapes/Shape_Cylinder.uasset" 73
"../../../../../Unreal Projects/Defend/Content/MobileStarterContent/Shapes/Shape_NarrowCapsule.uasset" 74
"../../../../../Unreal Projects/Defend/Content/MobileStarterContent/Shapes/Shape_Pipe.uasset" 75
"../../../../../Unreal Projects/Defend/Content/MobileStarterContent/Shapes/Shape_Pipe_180.uasset" 76
"../../../../../Unreal Projects/Defend/Content/MobileStarterContent/Shapes/Shape_Pipe_90.uasset" 77
"../../../../../Unreal Projects/Defend/Content/MobileStarterContent/Shapes/Shape_Plane.uasset" 78
"../../../../../Unreal Projects/Defend/Content/MobileStarterContent/Shapes/Shape_Torus.uasset" 79
"../../../../../Unreal Projects/Defend/Content/MobileStarterContent/Shapes/Shape_Trim.uasset" 80
"../../../../../Unreal Projects/Defend/Content/MobileStarterContent/Shapes/Shape_Trim_90_In.uasset" 81
"../../../../../Unreal Projects/Defend/Content/MobileStarterContent/Shapes/Shape_Trim_90_Out.uasset" 82
"../../../../../Unreal Projects/Defend/Content/MobileStarterContent/Shapes/Shape_TriPyramid.uasset" 83
"../../../../../Unreal Projects/Defend/Content/MobileStarterContent/Shapes/Shape_Tube.uasset" 84
"../../../../../Unreal Projects/Defend/Content/MobileStarterContent/Shapes/Shape_Wedge_A.uasset" 85
"../../../../../Unreal Projects/Defend/Content/MobileStarterContent/Shapes/Shape_Wedge_B.uasset" 86
"../../../../../Unreal Projects/Defend/Content/MobileStarterContent/Shapes/Shape_WideCapsule.uasset" 87
"../../../../../Unreal Projects/Defend/Content/MobileStarterContent/Textures/T_CobbleStone_Pebble_M.uasset" 88
"../../../../../Unreal Projects/Defend/Content/MobileStarterContent/Textures/T_Concrete_Tiles_Variation_M.uasset" 89
"../../../../../Unreal Projects/Defend/Content/MobileStarterContent/Textures/T_Detail_Rocky_N.uasset" 90
"../../../../../Unreal Projects/Defend/Content/MobileStarterContent/Textures/T_Gradinet_01.uasset" 91
"../../../../../Unreal Projects/Defend/Content/MobileStarterContent/Textures/T_Perlin_Noise_M.uasset" 92
"../../../../../Unreal Projects/Defend/Content/MobileStarterContent/Textures/T_Rock_Smooth_Granite_D.uasset" 93
"../../../../../Unreal Projects/Defend/Content/Models/Material2.uasset" 94
"../../../../../Unreal Projects/Defend/Content/Models/EntranceExit.uasset" 95
"../../../../../Unreal Projects/Defend/Content/Models/Material.uasset" 96
"../../../../../Unreal Projects/Defend/Content/Models/ExteriorWall.uasset" 97
"../../../../../Unreal Projects/Defend/Content/Models/Material1.uasset" 98
"../../../../../Unreal Projects/Defend/Content/OldBlueprints/AI.uasset" 99
"../../../../../Unreal Projects/Defend/Content/OldBlueprints/AttemptAi.uasset" 100
"../../../../../Unreal Projects/Defend/Content/OldBlueprints/CameraActor.uasset" 101
"../../../../../Unreal Projects/Defend/Content/OldBlueprints/gunturretrotate.uasset" 102
"../../../../../Unreal Projects/Defend/Content/OldBlueprints/movingcamera.uasset" 103
"../../../../../Unreal Projects/Defend/Content/OldBlueprints/MyCharacter.uasset" 104
"../../../../../Unreal Projects/Defend/Content/OldBlueprints/OverviewController.uasset" 105
"../../../../../Unreal Projects/Defend/Content/OldBlueprints/OverviewPawn.uasset" 106
"../../../../../Unreal Projects/Defend/Content/OldBlueprints/mainmenu.uasset" 107
"../../../../../Unreal Projects/Defend/Content/OldBlueprints/Settings_Auto9.uasset" 108
"../../../../../Unreal Projects/Defend/Content/OldBlueprints/test.uasset" 109
"../../../../../Unreal Projects/Defend/Content/OldBlueprints/TowerDefense.uasset" 110
"../../../../../Unreal Projects/Defend/Content/OldBlueprints/UVMap.uasset" 111
"../../../../../Unreal Projects/Defend/Content/OldBlueprints/world.uasset" 112
"../../../Engine/Content/EngineMaterials/DefaultMaterial.uasset" 113
"../../../Engine/Content/BasicShapes/Cone.uasset" 114
"../../../Engine/Content/BasicShapes/Cylinder.uasset" 115
"../../../Engine/Content/BasicShapes/Sphere.uasset" 116
"../../../Engine/Content/EditorLandscapeResources/DataLayer.uasset" 117
"../../../Engine/Content/EditorMaterials/GizmoMaterial.uasset" 118
"../../../Engine/Content/EditorMaterials/MAT_Groups_Toggle.uasset" 119
"../../../Engine/Content/EditorMaterials/MAT_Groups_Visibility.uasset" 120
"../../../Engine/Content/EditorMaterials/PreviewShadowIndicator.uasset" 121
"../../../Engine/Content/EditorMaterials/PreviewShadowIndicatorMaterial.uasset" 122
"../../../Engine/Content/EditorMaterials/MatineeGroups/MAT_ColorTrack.uasset" 123
"../../../Engine/Content/EditorMaterials/MatineeGroups/MAT_Groups_Anim.uasset" 124
"../../../Engine/Content/EditorMaterials/MatineeGroups/MAT_Groups_AudioMaster.uasset" 125
"../../../Engine/Content/EditorMaterials/MatineeGroups/MAT_Groups_Director.uasset" 126
"../../../Engine/Content/EditorMaterials/MatineeGroups/MAT_Groups_Event.uasset" 127
"../../../Engine/Content/EditorMaterials/MatineeGroups/MAT_Groups_Fade.uasset" 128
"../../../Engine/Content/EditorMaterials/MatineeGroups/MAT_Groups_Float.uasset" 129
"../../../Engine/Content/EditorMaterials/MatineeGroups/MAT_Groups_Move.uasset" 130
"../../../Engine/Content/EditorMaterials/MatineeGroups/MAT_Groups_Slomo.uasset" 131
"../../../Engine/Content/EditorMaterials/MatineeGroups/MAT_Groups_Sound.uasset" 132
"../../../Engine/Content/EditorMaterials/MatineeGroups/MAT_Groups_Vector.uasset" 133
"../../../Engine/Content/EditorMaterials/ParticleSystems/PSysThumbnail_NoImage.uasset" 134
"../../../Engine/Content/EditorMaterials/ParticleSystems/PSysThumbnail_OOD.uasset" 135
"../../../Engine/Content/EditorMaterials/Camera/CineMat.uasset" 136
"../../../Engine/Content/EditorMaterials/Camera/MI_CineMat_Rig.uasset" 137
"../../../Engine/Content/EditorMeshes/Camera/SM_CraneRig_Arm.uasset" 138
"../../../Engine/Content/EditorMeshes/Camera/SM_CraneRig_Base.uasset" 139
"../../../Engine/Content/EditorMeshes/Camera/SM_CraneRig_Body.uasset" 140
"../../../Engine/Content/EditorMeshes/Camera/SM_CraneRig_Mount.uasset" 141
"../../../Engine/Content/EditorMeshes/Camera/SM_RailRig_Mount.uasset" 142
"../../../Engine/Content/EditorMeshes/Camera/SM_RailRig_Track.uasset" 143
"../../../Engine/Content/EditorMeshes/ColorCalibrator/M_ChromeBall.uasset" 144
"../../../Engine/Content/EditorMeshes/ColorCalibrator/M_ClearCoat.uasset" 145
"../../../Engine/Content/EditorMeshes/ColorCalibrator/M_ClearCoatBlack.uasset" 146
"../../../Engine/Content/EditorMeshes/ColorCalibrator/Color_checker.uasset" 147
"../../../Engine/Content/EditorMeshes/ColorCalibrator/M_ColorGrid.uasset" 148
"../../../Engine/Content/EditorMeshes/ColorCalibrator/M_GreyBall.uasset" 149
"../../../Engine/Content/EditorMeshes/ColorCalibrator/SM_ColorCalibrator.uasset" 150
"../../../Engine/Content/EditorResources/BSPVertex.uasset" 151
"../../../Engine/Content/EditorResources/EmptyActor.uasset" 152
"../../../Engine/Content/EditorResources/S_Actor.uasset" 153
"../../../Engine/Content/EditorResources/S_Trigger.uasset" 154
"../../../Engine/Content/EditorResources/AudioIcons/S_AudioComponent.uasset" 155
"../../../Engine/Content/EditorResources/AudioIcons/S_AudioComponent_AutoActivate.uasset" 156
"../../../Engine/Content/EditorResources/LightIcons/S_LightError.uasset" 157
"../../../Engine/Content/EditorResources/SequenceRecorder/Countdown.uasset" 158
"../../../Engine/Content/EditorResources/SequenceRecorder/RecordingIndicator.uasset" 159
"../../../Engine/Content/EditorSounds/Notifications/CompileFailed.uasset" 160
"../../../Engine/Content/EditorSounds/Notifications/CompileFailed_Cue.uasset" 161
"../../../Engine/Content/EditorSounds/Notifications/CompileSuccess.uasset" 162
"../../../Engine/Content/EditorSounds/Notifications/CompileStart_Cue.uasset" 163
"../../../Engine/Content/EditorSounds/Notifications/CompileSuccess_Cue.uasset" 164
"../../../Engine/Content/EngineDamageTypes/DmgTypeBP_Environmental.uasset" 165
"../../../Engine/Content/EngineDebugMaterials/HeatmapGradient.uasset" 166
"../../../Engine/Content/EngineDebugMaterials/BoneWeightMaterial.uasset" 167
"../../../Engine/Content/EngineDebugMaterials/ClothMaterial.uasset" 168
"../../../Engine/Content/EngineDebugMaterials/ClothMaterial_WF.uasset" 169
"../../../Engine/Content/EngineDebugMaterials/DebugEditorMaterial.uasset" 170
"../../../Engine/Content/EngineDebugMaterials/DebugMeshMaterial.uasset" 171
"../../../Engine/Content/EngineDebugMaterials/GeomMaterial.uasset" 172
"../../../Engine/Content/EngineFonts/Faces/RobotoBold.uasset" 173
"../../../Engine/Content/EngineFonts/Faces/RobotoBoldItalic.uasset" 174
"../../../Engine/Content/EngineFonts/Faces/RobotoItalic.uasset" 175
"../../../Engine/Content/EngineFonts/Faces/RobotoLight.uasset" 176
"../../../Engine/Content/EngineFonts/Faces/RobotoRegular.uasset" 177
"../../../Engine/Content/EngineFonts/Roboto.uasset" 178
"../../../Engine/Content/EngineFonts/Faces/RobotoTiny.uasset" 179
"../../../Engine/Content/EngineFonts/RobotoTiny.uasset" 180
"../../../Engine/Content/EngineMaterials/DefaultBloomKernel.uasset" 181
"../../../Engine/Content/EngineMaterials/DefaultBokeh.uasset" 182
"../../../Engine/Content/EngineMaterials/DefaultDiffuse.uasset" 183
"../../../Engine/Content/EngineMaterials/DefaultDeferredDecalMaterial.uasset" 184
"../../../Engine/Content/EngineMaterials/DefaultLightFunctionMaterial.uasset" 185
"../../../Engine/Content/EngineMaterials/DefaultPhysicalMaterial.uasset" 186
"../../../Engine/Content/Functions/Engine_MaterialFunctions02/Utility/BreakOutFloat2Components.uasset" 187
"../../../Engine/Content/EngineMaterials/DefaultPostProcessMaterial.uasset" 188
"../../../Engine/Content/EngineFonts/RobotoDistanceField.uasset" 189
"../../../Engine/Content/EngineMaterials/DefaultTextMaterialOpaque.uasset" 190
"../../../Engine/Content/EngineMaterials/DefaultWhiteGrid.uasset" 191
"../../../Engine/Content/EngineMaterials/EditorBrushMaterial.uasset" 192
"../../../Engine/Content/EngineMaterials/Good64x64TilingNoiseHighFreq.uasset" 193
"../../../Engine/Content/EngineMaterials/MiniFont.uasset" 194
"../../../Engine/Content/EngineMaterials/InvalidLightmapSettings.uasset" 195
"../../../Engine/Content/EngineMaterials/M_InvalidLightmapSettings.uasset" 196
"../../../Engine/Content/Functions/Engine_MaterialFunctions02/WorldPositionOffset/CameraOffset.uasset" 197
"../../../Engine/Content/EngineMaterials/PhAT_JointLimitMaterial.uasset" 198
"../../../Engine/Content/EngineMaterials/PreintegratedSkinBRDF.uasset" 199
"../../../Engine/Content/EngineMaterials/RemoveSurfaceMaterial.uasset" 200
"../../../Engine/Content/EngineMaterials/WeightMapPlaceholderTexture.uasset" 201
"../../../Engine/Content/EngineResources/WhiteSquareTexture.uasset" 202
"../../../Engine/Content/EngineMaterials/Widget3DPassThrough.uasset" 203
"../../../Engine/Content/EngineMaterials/Widget3DPassThrough_Masked.uasset" 204
"../../../Engine/Content/EngineMaterials/Widget3DPassThrough_Opaque.uasset" 205
"../../../Engine/Content/EngineMaterials/Widget3DPassThrough_Masked_OneSided.uasset" 206
"../../../Engine/Content/EngineMaterials/Widget3DPassThrough_Opaque_OneSided.uasset" 207
"../../../Engine/Content/EngineMaterials/Widget3DPassThrough_Translucent.uasset" 208
"../../../Engine/Content/EngineMaterials/Widget3DPassThrough_Translucent_OneSided.uasset" 209
"../../../Engine/Content/EngineMeshes/Cube.uasset" 210
"../../../Engine/Content/EngineMeshes/Cylinder.uasset" 211
"../../../Engine/Content/EngineMeshes/Sphere.uasset" 212
"../../../Engine/Content/EngineResources/Black.uasset" 213
"../../../Engine/Content/EngineResources/DefaultTexture.uasset" 214
"../../../Engine/Content/EngineResources/DefaultTextureCube.uasset" 215
"../../../Engine/Content/EngineResources/GradientTexture0.uasset" 216
"../../../Engine/Content/EngineSounds/Master.uasset" 217
"../../../Engine/Content/Functions/Engine_MaterialFunctions01/Shading/ConvertFromDiffSpec.uasset" 218
"../../../Engine/Content/Functions/Engine_MaterialFunctions01/Shading/PowerToRoughness.uasset" 219
"../../../Engine/Content/Maps/Templates/Thumbnails/Default.uasset" 220
"../../../Engine/Content/Maps/Templates/Thumbnails/VR-Basic.uasset" 221
"../../../Engine/Content/MobileResources/T_MobileControls_texture.uasset" 222
"../../../Engine/Content/MobileResources/T_MobileMenu2.uasset" 223
"../../../Engine/Content/MobileResources/HUD/AnalogHat.uasset" 224
"../../../Engine/Content/MobileResources/HUD/VirtualJoystick_Background.uasset" 225
"../../../Engine/Content/MobileResources/HUD/VirtualJoystick_Thumb.uasset" 226
"../../../Engine/Content/MobileResources/HUD/DefaultVirtualJoysticks.uasset" 227
"../../../Engine/Content/MobileResources/HUD/LeftVirtualJoystickOnly.uasset" 228
"../../../Engine/Content/MobileResources/HUD/MobileHUDButton1_off.uasset" 229
"../../../Engine/Content/MobileResources/HUD/MobileHUDButton1_on.uasset" 230
"../../../Engine/Content/MobileResources/HUD/MobileHUDButton2_off.uasset" 231
"../../../Engine/Content/MobileResources/HUD/MobileHUDButton2_on.uasset" 232
"../../../Engine/Content/MobileResources/HUD/MobileHUDButton3.uasset" 233
"../../../Engine/Content/MobileResources/HUD/MobileHUDButtonFire.uasset" 234
"../../../Engine/Content/MobileResources/HUD/MobileHUDDirectionPad.uasset" 235
"../../../Engine/Content/MobileResources/HUD/MobileHUDDirectionPad2.uasset" 236
"../../../Engine/Content/MobileResources/HUD/MobileHUDDirectionPad3.uasset" 237
"../../../Engine/Content/MobileResources/HUD/MobileHUDDirectionStick.uasset" 238
"../../../Engine/Content/MobileResources/HUD/T_Castle_ThumbstickInner.uasset" 239
"../../../Engine/Content/MobileResources/HUD/T_Castle_ThumbstickOutter.uasset" 240
"../../../Engine/Content/Tutorial/ContentIntroCurve.uasset" 241
"../../../Engine/Content/Tutorial/Basics/TutorialAssets/icon_tab_Levels_40x.uasset" 242
"../../../Engine/Content/Tutorial/BlueprintTutorials/TutorialAssets/BlueprintInterface_64x.uasset" 243
"../../../Engine/Content/Tutorial/BlueprintTutorials/TutorialAssets/BlueprintMacroLibrary_64x.uasset" 244
"../../../Engine/Content/Tutorial/BlueprintTutorials/TutorialAssets/Blueprint_64x.uasset" 245
"../../../Engine/Content/Tutorial/BlueprintTutorials/TutorialAssets/Tutorial_BP_Interface.uasset" 246
"../../../Engine/Content/Tutorial/Foliage/TutorialAssets/Foliage.uasset" 247
"../../../Engine/Content/Tutorial/Landscape/TutorialAssets/Landscape.uasset" 248
"../../../Engine/Content/Tutorial/Paper2D/TutorialAssets/Paper2DFlipbook_TutorialIcon.uasset" 249
"../../../Engine/Content/Tutorial/Paper2D/TutorialAssets/Paper2DSprite_TutorialIcon.uasset" 250
"../../../Engine/Content/Tutorial/SubEditors/TutorialAssets/icon_Editor_Preferences_General_40x.uasset" 251
"../../../Engine/Content/Tutorial/SubEditors/TutorialAssets/icon_ShowSkeletalMeshes_40x.uasset" 252
"../../../Engine/Content/Tutorial/SubEditors/TutorialAssets/TutorialMaterial.uasset" 253
"../../../Engine/Content/Tutorial/SubEditors/TutorialAssets/T_SmokeSubUV_8X8.uasset" 254
"../../../Engine/Content/Tutorial/SubEditors/TutorialAssets/T_soft_smoke.uasset" 255
"../../../Engine/Content/Tutorial/SubEditors/TutorialAssets/M_smoke_subUV_blackbody.uasset" 256
"../../../Engine/Content/Tutorial/SubEditors/TutorialAssets/TutorialParticleSystem.uasset" 257
"../../../Engine/Content/VREditor/Devices/Generic/GenericHMDMaterial.uasset" 258
"../../../Engine/Content/VREditor/Devices/Generic/GenericHMD.uasset" 259
"../../../Engine/Content/Functions/Engine_MaterialFunctions02/Utility/BreakOutFloat3Components.uasset" 260
"../../../Engine/Content/VREditor/Devices/Vive/VivePreController_MasksB.uasset" 261
"../../../Engine/Content/VREditor/Devices/Oculus/OculusControllerMaterial.uasset" 262
"../../../Engine/Content/VREditor/Devices/Oculus/OculusControllerMaterial_Inst.uasset" 263
"../../../Engine/Content/VREditor/Devices/Oculus/OculusControllerMesh.uasset" 264
"../../../Engine/Content/VREditor/Devices/Vive/T_VivePreController_EM.uasset" 265
"../../../Engine/Content/VREditor/Devices/Vive/VivePreController_MasksA.uasset" 266
"../../../Engine/Content/VREditor/Devices/Vive/VivePreControllerDiffuse.uasset" 267
"../../../Engine/Content/VREditor/Devices/Vive/VivePreControllerSpec.uasset" 268
"../../../Engine/Content/VREditor/LaserPointer/VR_LaserPower_01.uasset" 269
"../../../Engine/Content/VREditor/Devices/Vive/VivePreControllerMaterial.uasset" 270
"../../../Engine/Content/VREditor/Devices/Vive/VivePreControllerMaterial_Inst.uasset" 271
"../../../Engine/Content/VREditor/Devices/Vive/VivePreControllerMesh.uasset" 272
"../../../Engine/Content/VREditor/FloatingText/LineMaterial.uasset" 273
"../../../Engine/Content/VREditor/FloatingText/JointSphere.uasset" 274
"../../../Engine/Content/VREditor/FloatingText/LineSegmentCylinder.uasset" 275
"../../../Engine/Content/VREditor/Fonts/VRText_RobotoLarge.uasset" 276
"../../../Engine/Content/VREditor/Fonts/VRTextMaterial.uasset" 277
"../../../Engine/Content/VREditor/Fonts/TranslucentVRTextMaterial.uasset" 278
"../../../Engine/Content/VREditor/LaserPointer/CursorPointer.uasset" 279
"../../../Engine/Content/VREditor/TransformGizmo/TransformGizmoMaterial.uasset" 280
"../../../Engine/Content/VREditor/LaserPointer/HoverMaterial.uasset" 281
"../../../Engine/Content/VREditor/TransformGizmo/TranslucentTransformGizmoMaterial.uasset" 282
"../../../Engine/Content/VREditor/LaserPointer/TranslucentHoverMaterial.uasset" 283
"../../../Engine/Content/VREditor/LaserPointer/HoverMesh.uasset" 284
"../../../Engine/Content/VREditor/LaserPointer/LaserPointerMaterial.uasset" 285
"../../../Engine/Content/VREditor/LaserPointer/LaserPointerMaterialInst.uasset" 286
"../../../Engine/Content/VREditor/LaserPointer/TranslucentLaserPointerMaterialInst.uasset" 287
"../../../Engine/Content/VREditor/LaserPointer/LaserPointerMesh.uasset" 288
"../../../Engine/Content/VREditor/LaserPointer/LaserPointerMesh_End.uasset" 289
"../../../Engine/Content/VREditor/LaserPointer/LaserPointerMesh_Start.uasset" 290
"../../../Engine/Content/VREditor/Sounds/VR_teleport.uasset" 291
"../../../Engine/Content/VREditor/Sounds/UI/Click_on_Button.uasset" 292
"../../../Engine/Content/VREditor/Sounds/UI/Click_on_Button_Cue.uasset" 293
"../../../Engine/Content/VREditor/Sounds/UI/Dockable_Window_Close.uasset" 294
"../../../Engine/Content/VREditor/Sounds/UI/Dockable_Window_Drop.uasset" 295
"../../../Engine/Content/VREditor/Sounds/UI/Dockable_Window_Open.uasset" 296
"../../../Engine/Content/VREditor/Sounds/UI/Dockable_Window_Pick_Up.uasset" 297
"../../../Engine/Content/VREditor/Sounds/UI/Drop_Item_From_ContentBrowser.uasset" 298
"../../../Engine/Content/VREditor/Sounds/UI/Floating_UI_Open-001.uasset" 299
"../../../Engine/Content/VREditor/Sounds/UI/Radial_Menu_FadeOut.uasset" 300
"../../../Engine/Content/VREditor/Sounds/UI/Teleport_Mode_Entered.uasset" 301
"../../../Engine/Content/VREditor/Teleport/TeleportDirectionMaterial.uasset" 302
"../../../Engine/Content/VREditor/Teleport/TeleportDirectionMaterial_Inst.uasset" 303
"../../../Engine/Content/VREditor/Teleport/TeleportDirectionMesh.uasset" 304
"../../../Engine/Content/VREditor/TransformGizmo/BoundingBoxCorner.uasset" 305
"../../../Engine/Content/VREditor/TransformGizmo/BoundingBoxEdge.uasset" 306
"../../../Engine/Content/VREditor/TransformGizmo/PlaneTranslationHandle.uasset" 307
"../../../Engine/Content/VREditor/TransformGizmo/Main.uasset" 308
"../../../Engine/Content/VREditor/TransformGizmo/Xray.uasset" 309
"../../../Engine/Content/VREditor/TransformGizmo/SM_Dialog_Close.uasset" 310
"../../../Engine/Content/VREditor/TransformGizmo/SM_Dialog_Move.uasset" 311
"../../../Engine/Content/VREditor/TransformGizmo/SM_Sequencer_Key.uasset" 312
"../../../Engine/Content/VREditor/TransformGizmo/SM_Sequencer_Node.uasset" 313
"../../../Engine/Content/VREditor/TransformGizmo/TransformGizmoMaterial_Inst.uasset" 314
"../../../Engine/Content/VREditor/TransformGizmo/TranslucentTransformGizmoMaterial_Inst.uasset" 315
"../../../Engine/Content/VREditor/Devices/Vive/UE4_Logo.uasset" 316
"../../../Engine/Content/VREditor/UI/M_ContentWindow.uasset" 317
"../../../Engine/Content/VREditor/UI/SM_ContentWindow_01.uasset" 318
"../../../Engine/Content/VREditor/UI/KeyDiskMaterial.uasset" 319
"../../../Engine/Content/VREditor/UI/DiscMaterial.uasset" 320
"../../../Engine/Content/VREditor/UI/SM_Radial_Disk.uasset" 321
"../../../Engine/Content/VREditor/UI/ArrowMaterial.uasset" 322
"../../../Engine/Content/VREditor/UI/SM_Radial_Pointer.uasset" 323
"../../../Engine/Content/VREditor/WorldMovementGrid/SimpleGrid.uasset" 324
"../../../Engine/Content/VREditor/WorldMovementGrid/GridMaterial.uasset" 325
"../../../Engine/Content/Functions/Engine_MaterialFunctions01/Density/ExponentialDensity.uasset" 326
"../../../Engine/Content/VREditor/WorldMovementGrid/GridPostProcess.uasset" 327
"../../../Engine/Content/EditorLandscapeResources/FlattenHeightMat.uasset" 328
"../../../Engine/Content/VREditor/WorldMovementGrid/PlaneMesh.uasset" 329
"../../Plugins/2D/Paper2D/Content/PlaceholderTextures/DummySpriteTexture.uasset" 330
"../../Plugins/2D/Paper2D/Content/DummySprite.uasset" 331
"../../Plugins/2D/Paper2D/Content/DefaultPaperTerrainMaterial.uasset" 332
"../../Plugins/2D/Paper2D/Content/DefaultSpriteMaterial.uasset" 333
"../../Plugins/2D/Paper2D/Content/MaskedUnlitSpriteMaterial.uasset" 334
"../../Plugins/2D/Paper2D/Content/OpaqueUnlitSpriteMaterial.uasset" 335
"../../Plugins/Media/MediaCompositing/Content/DefaultMediaPlaneTexture.uasset" 336
"../../Plugins/Media/MediaCompositing/Content/DefaultMediaPlaneMaterial.uasset" 337
"../../../Engine/Content/Functions/Engine_MaterialFunctions01/Texturing/ScaleUVsByCenter.uasset" 338
"../../../Engine/Content/Functions/Engine_MaterialFunctions02/Utility/MakeFloat4.uasset" 339
"../../Plugins/Runtime/AppleARKit/Content/ARKitCameraMaterial.uasset" 340
"../../Plugins/Runtime/GoogleARCore/Content/GoogleARCorePassthroughCameraMaterial.uasset" 341
"../../Plugins/Runtime/Oculus/OculusVR/Content/Textures/GearVRController_AO.uasset" 342
"../../Plugins/Runtime/Oculus/OculusVR/Content/Textures/GearVRController_Color.uasset" 343
"../../Plugins/Runtime/Oculus/OculusVR/Content/Textures/GearVRController_Normal.uasset" 344
"../../Plugins/Runtime/Oculus/OculusVR/Content/Materials/GearVRControllerMaterial.uasset" 345
"../../Plugins/Runtime/Oculus/OculusVR/Content/Meshes/GearVrController.uasset" 346
"../../Plugins/Runtime/ResonanceAudio/Content/VisualizationMeshMaterial.uasset" 347
"../../Plugins/Runtime/WebBrowserWidget/Content/WebTexture_T.uasset" 348
"../../Plugins/Runtime/WebBrowserWidget/Content/WebTexture_M.uasset" 349
"../../../Engine/Content/Tutorial/SubEditors/TutorialAssets/Character/TutorialTPP_Skeleton.uasset" 350
"../../../Engine/Content/Tutorial/SubEditors/TutorialAssets/Character/Tutorial_Idle.uasset" 351
"../../../Engine/Content/Tutorial/SubEditors/TutorialAssets/Character/Tutorial_Walk_Fwd.uasset" 352
"../../../Engine/Content/Tutorial/SubEditors/TutorialAssets/Character/NewBlendSpace1D.uasset" 353
"../../../Engine/Content/EditorBlueprintResources/StandardMacros.uasset" 354
"../../../Engine/Content/Tutorial/SubEditors/TutorialAssets/Character/TutorialTPP_AnimBlueprint.uasset" 355
"../../../../../Unreal Projects/Defend/Content/Blueprint/NewBlackboardData.uasset" 356
"../../../../../Unreal Projects/Defend/Content/Blueprint/NewBehaviorTree.uasset" 357
"../../../../../Unreal Projects/Defend/Content/Blueprint/CrowdAi.uasset" 358
"../../../Engine/Content/Tutorial/SubEditors/TutorialAssets/Character/TutorialTPP_Mat.uasset" 359
"../../../Engine/Content/Tutorial/SubEditors/TutorialAssets/Character/TutorialTPP_PhysicsAsset.uasset" 360
"../../../Engine/Content/Tutorial/SubEditors/TutorialAssets/Character/TutorialTPP.uasset" 361
"../../../../../Unreal Projects/Defend/Content/Blueprint/BP_TagCharacter.uasset" 362
"../../../../../Unreal Projects/Defend/Content/TriggerBox_Blueprint.uasset" 363
"../../../Engine/Content/EngineSky/C_Sky_Cloud_Color.uasset" 364
"../../../Engine/Content/EngineSky/C_Sky_Horizon_Color.uasset" 365
"../../../Engine/Content/EngineSky/C_Sky_Zenith_Color.uasset" 366
"../../../Engine/Content/EngineSky/T_Sky_Blue.uasset" 367
"../../../Engine/Content/EngineSky/T_Sky_Clouds_M.uasset" 368
"../../../Engine/Content/EngineSky/T_Sky_Stars.uasset" 369
"../../../Engine/Content/EngineSky/M_Sky_Panning_Clouds2.uasset" 370
"../../../Engine/Content/EngineSky/SM_SkySphere.uasset" 371
"../../../Engine/Content/EngineSky/BP_Sky_Sphere.uasset" 372
"../../../../../Unreal Projects/Defend/Content/Blueprint/DPlayerController_2018-02-07-16-13-23.uasset" 373
"../../../../../Unreal Projects/Defend/Content/Blueprint/DPlayerPawn_2018-02-09-19-19-08.uasset" 374
"../../../../../Unreal Projects/Defend/Content/Blueprint/DefenseGameMode_2018-02-07-16-13-23.uasset" 375
"../../../Engine/Content/ArtTools/RenderToTexture/Enums/EFloatTypes.uasset" 376
"../../../Engine/Content/ArtTools/RenderToTexture/Enums/EIntTypes.uasset" 377
"../../../Engine/Content/ArtTools/RenderToTexture/Macros/RenderToTextureMacros.uasset" 378
"../../../../../Unreal Projects/Defend/Content/Blueprint/GridLayout_2018-02-11-01-08-48.uasset" 379
"../../../../../Unreal Projects/Defend/Content/GameLevel_BuiltData.uasset" 380
"../../../Engine/Content/BasicShapes/BasicShapeMaterial.uasset" 381
"../../../Engine/Content/Functions/Engine_MaterialFunctions02/Utility/VectorLength.uasset" 382
"../../../Engine/Content/Functions/Engine_MaterialFunctions02/WorldPositionOffset/ObjectScale.uasset" 383
"../../../../../Unreal Projects/Defend/Content/MobileStarterContent/Textures/T_Ground_Grass_D.uasset" 384
"../../../../../Unreal Projects/Defend/Content/MobileStarterContent/Textures/T_Ground_Grass_N.uasset" 385
"../../../../../Unreal Projects/Defend/Content/MobileStarterContent/Materials/M_Ground_Grass.uasset" 386
"../../../Engine/Content/BasicShapes/Cube.uasset" 387
"../../../Engine/Content/Tutorial/SubEditors/TutorialAssets/Character/TutorialCharacter.uasset" 388
"../../../../../Unreal Projects/Defend/Content/OldBlueprints/DragDrop.uasset" 389
"../../../Engine/Content/Functions/Engine_MaterialFunctions02/ExampleContent/Textures/newhplaneHeightMap.uasset" 390
"../../../Engine/Content/Functions/Engine_MaterialFunctions02/Texturing/3dParticleOpacity.uasset" 391
"../../../Engine/Content/Functions/Engine_MaterialFunctions02/ExampleContent/Textures/newhplaneAlphaMap.uasset" 392
"../../../Engine/Content/Functions/Engine_MaterialFunctions02/ExampleContent/Textures/newhplaneLightingMap.uasset" 393
"../../../Engine/Content/Functions/Engine_MaterialFunctions02/ExampleContent/Textures/newhplaneNormalsMap.uasset" 394
"../../../Engine/Content/MapTemplates/Sky/DaylightAmbientCubemap.uasset" 395
"../../../Engine/Content/Functions/Engine_MaterialFunctions02/ExampleContent/3dParticleOpacity_Mat.uasset" 396
"../../../../../Unreal Projects/Defend/Content/OldBlueprints/Bullet.uasset" 397
"../../../Engine/Content/MapTemplates/Materials/BasicTemplateMaterial.uasset" 398
"../../../../../Unreal Projects/Defend/Content/OldBlueprints/gun.uasset" 399
"../../../../../Unreal Projects/Defend/Content/OldBlueprints/gunhead.uasset" 400
"../../../../../Unreal Projects/Defend/Content/OldBlueprints/Tower.uasset" 401
"../../../../../Unreal Projects/Defend/Content/OldBlueprints/GunTurret_Auto9_Auto0.uasset" 402
"../../../Engine/Content/EngineResources/AICON-Green.uasset" 403
"../../../Engine/Content/EngineResources/AICON-Red.uasset" 404
"../../../../../Unreal Projects/Defend/Content/OldBlueprints/DragWidget.uasset" 405
"../../../../../Unreal Projects/Defend/Content/OldBlueprints/DragImage.uasset" 406
"../../../../../Unreal Projects/Defend/Content/Blueprint/UI_Auto4_Auto2.uasset" 407
"../../../../../Unreal Projects/Defend/Content/MobileStarterContent/Textures/T_Concrete_Tiles_D.uasset" 408
"../../../../../Unreal Projects/Defend/Content/MobileStarterContent/Textures/T_Concrete_Tiles_M.uasset" 409
"../../../../../Unreal Projects/Defend/Content/MobileStarterContent/Textures/T_Concrete_Tiles_N.uasset" 410
"../../../../../Unreal Projects/Defend/Content/MobileStarterContent/Materials/M_Concrete_Tiles.uasset" 411
"../../../../../Unreal Projects/Defend/Content/Meshes/StaticMesh.uasset" 412
"../../../../../Unreal Projects/Defend/Content/GameLevel.umap" 413
"../../../../../Unreal Projects/Defend/Content/MobileStarterContent/Maps/Minimal_Default_BuiltData.uasset" 414
"../../../../../Unreal Projects/Defend/Content/MobileStarterContent/Materials/M_Basic_Floor.uasset" 415
"../../../../../Unreal Projects/Defend/Content/MobileStarterContent/Architecture/Floor_400x400.uasset" 416
"../../../../../Unreal Projects/Defend/Content/MobileStarterContent/Props/SM_Chair.uasset" 417
"../../../../../Unreal Projects/Defend/Content/MobileStarterContent/Textures/T_Statue_M.uasset" 418
"../../../../../Unreal Projects/Defend/Content/MobileStarterContent/Textures/T_Statue_N.uasset" 419
"../../../../../Unreal Projects/Defend/Content/MobileStarterContent/Props/Materials/M_Statue.uasset" 420
"../../../../../Unreal Projects/Defend/Content/MobileStarterContent/Props/Materials/M_StatueGlass.uasset" 421
"../../../../../Unreal Projects/Defend/Content/MobileStarterContent/Props/SM_Statue.uasset" 422
"../../../../../Unreal Projects/Defend/Content/MobileStarterContent/Textures/T_TableRound_M.uasset" 423
"../../../../../Unreal Projects/Defend/Content/MobileStarterContent/Textures/T_TableRound_N.uasset" 424
"../../../../../Unreal Projects/Defend/Content/MobileStarterContent/Props/Materials/M_TableRound.uasset" 425
"../../../../../Unreal Projects/Defend/Content/MobileStarterContent/Props/SM_TableRound.uasset" 426
"../../../../../Unreal Projects/Defend/Content/MobileStarterContent/Maps/Minimal_Default.umap" 427
"../../../../../Unreal Projects/Defend/Content/MobileStarterContent/Audio/Fire01.uasset" 428
"../../../../../Unreal Projects/Defend/Content/MobileStarterContent/Audio/Fire01_Cue.uasset" 429
"../../../../../Unreal Projects/Defend/Content/MobileStarterContent/Textures/T_Fire_SubUV.uasset" 430
"../../../../../Unreal Projects/Defend/Content/MobileStarterContent/Textures/T_Fire_Tiled_D.uasset" 431
"../../../../../Unreal Projects/Defend/Content/MobileStarterContent/Particles/Materials/M_Fire_SubUV.uasset" 432
"../../../../../Unreal Projects/Defend/Content/MobileStarterContent/Particles/Materials/M_Radial_Gradient.uasset" 433
"../../../../../Unreal Projects/Defend/Content/MobileStarterContent/Particles/P_Fire.uasset" 434
"../../../../../Unreal Projects/Defend/Content/MobileStarterContent/Blueprints/Blueprint_Effect_Fire.uasset" 435
"../../../../../Unreal Projects/Defend/Content/MobileStarterContent/Audio/Smoke01.uasset" 436
"../../../../../Unreal Projects/Defend/Content/MobileStarterContent/Audio/Smoke01_Cue.uasset" 437
"../../../../../Unreal Projects/Defend/Content/MobileStarterContent/Particles/P_Smoke.uasset" 438
"../../../../../Unreal Projects/Defend/Content/MobileStarterContent/Blueprints/Blueprint_Effect_Smoke.uasset" 439
"../../../../../Unreal Projects/Defend/Content/MobileStarterContent/Audio/Fire_Sparks01.uasset" 440
"../../../../../Unreal Projects/Defend/Content/MobileStarterContent/Audio/Fire_Sparks01_Cue.uasset" 441
"../../../../../Unreal Projects/Defend/Content/MobileStarterContent/Textures/T_Spark_Core.uasset" 442
"../../../../../Unreal Projects/Defend/Content/MobileStarterContent/Particles/Materials/M_Spark.uasset" 443
"../../../../../Unreal Projects/Defend/Content/MobileStarterContent/Particles/P_Sparks.uasset" 444
"../../../../../Unreal Projects/Defend/Content/MobileStarterContent/Blueprints/Blueprint_Effect_Sparks.uasset" 445
"../../../../../Unreal Projects/Defend/Content/MobileStarterContent/Textures/T_Lamp_M.uasset" 446
"../../../../../Unreal Projects/Defend/Content/MobileStarterContent/Textures/T_Lamp_N.uasset" 447
"../../../../../Unreal Projects/Defend/Content/MobileStarterContent/Props/Materials/M_Lamp.uasset" 448
"../../../../../Unreal Projects/Defend/Content/MobileStarterContent/Props/SM_Lamp_Ceiling.uasset" 449
"../../../../../Unreal Projects/Defend/Content/MobileStarterContent/Blueprints/Blueprint_CeilingLight.uasset" 450
"../../../../../Unreal Projects/Defend/Content/MobileStarterContent/Props/SM_Lamp_Wall.uasset" 451
"../../../../../Unreal Projects/Defend/Content/MobileStarterContent/Blueprints/Blueprint_WallSconce.uasset" 452
"../../../../../Unreal Projects/Defend/Content/MobileStarterContent/Maps/StarterMap_BuiltData.uasset" 453
"../../../../../Unreal Projects/Defend/Content/MobileStarterContent/Textures/T_Brick_Clay_Beveled_D.uasset" 454
"../../../../../Unreal Projects/Defend/Content/MobileStarterContent/Textures/T_Brick_Clay_Beveled_M.uasset" 455
"../../../../../Unreal Projects/Defend/Content/MobileStarterContent/Textures/T_Brick_Clay_Beveled_N.uasset" 456
"../../../../../Unreal Projects/Defend/Content/MobileStarterContent/Materials/M_Brick_Clay_Beveled.uasset" 457
"../../../../../Unreal Projects/Defend/Content/MobileStarterContent/Textures/T_Brick_Clay_New_D.uasset" 458
"../../../../../Unreal Projects/Defend/Content/MobileStarterContent/Textures/T_Brick_Clay_New_M.uasset" 459
"../../../../../Unreal Projects/Defend/Content/MobileStarterContent/Textures/T_Brick_Clay_New_N.uasset" 460
"../../../../../Unreal Projects/Defend/Content/MobileStarterContent/Materials/M_Brick_Clay_New.uasset" 461
"../../../../../Unreal Projects/Defend/Content/MobileStarterContent/Textures/T_Brick_Clay_Old_D.uasset" 462
"../../../../../Unreal Projects/Defend/Content/MobileStarterContent/Textures/T_Brick_Clay_Old_N.uasset" 463
"../../../../../Unreal Projects/Defend/Content/MobileStarterContent/Materials/M_Brick_Clay_Old.uasset" 464
"../../../../../Unreal Projects/Defend/Content/MobileStarterContent/Textures/T_Brick_Cut_Stone_D.uasset" 465
"../../../../../Unreal Projects/Defend/Content/MobileStarterContent/Textures/T_Brick_Cut_Stone_N.uasset" 466
"../../../../../Unreal Projects/Defend/Content/MobileStarterContent/Materials/M_Brick_Cut_Stone.uasset" 467
"../../../../../Unreal Projects/Defend/Content/MobileStarterContent/Textures/T_Brick_Hewn_Stone_D.uasset" 468
"../../../../../Unreal Projects/Defend/Content/MobileStarterContent/Textures/T_Brick_Hewn_Stone_M.uasset" 469
"../../../../../Unreal Projects/Defend/Content/MobileStarterContent/Textures/T_Brick_Hewn_Stone_N.uasset" 470
"../../../../../Unreal Projects/Defend/Content/MobileStarterContent/Materials/M_Brick_Hewn_Stone.uasset" 471
"../../../../../Unreal Projects/Defend/Content/MobileStarterContent/Textures/T_Ceramic_Tile_M.uasset" 472
"../../../../../Unreal Projects/Defend/Content/MobileStarterContent/Textures/T_Ceramic_Tile_N.uasset" 473
"../../../../../Unreal Projects/Defend/Content/MobileStarterContent/Textures/T_Rock_Marble_Polished_D.uasset" 474
"../../../../../Unreal Projects/Defend/Content/MobileStarterContent/Materials/M_Ceramic_Tile_Checker.uasset" 475
"../../../../../Unreal Projects/Defend/Content/MobileStarterContent/Textures/T_CobbleStone_Pebble_D.uasset" 476
"../../../../../Unreal Projects/Defend/Content/MobileStarterContent/Textures/T_CobbleStone_Pebble_N.uasset" 477
"../../../../../Unreal Projects/Defend/Content/MobileStarterContent/Materials/M_CobbleStone_Pebble.uasset" 478
"../../../../../Unreal Projects/Defend/Content/MobileStarterContent/Textures/T_CobbleStone_Rough_D.uasset" 479
"../../../../../Unreal Projects/Defend/Content/MobileStarterContent/Textures/T_CobbleStone_Rough_N.uasset" 480
"../../../../../Unreal Projects/Defend/Content/MobileStarterContent/Materials/M_CobbleStone_Rough.uasset" 481
"../../../../../Unreal Projects/Defend/Content/MobileStarterContent/Textures/T_CobbleStone_Smooth_D.uasset" 482
"../../../../../Unreal Projects/Defend/Content/MobileStarterContent/Textures/T_CobbleStone_Smooth_M.uasset" 483
"../../../../../Unreal Projects/Defend/Content/MobileStarterContent/Textures/T_CobbleStone_Smooth_N.uasset" 484
"../../../../../Unreal Projects/Defend/Content/MobileStarterContent/Materials/M_CobbleStone_Smooth.uasset" 485
"../../../../../Unreal Projects/Defend/Content/MobileStarterContent/Textures/T_Concrete_Grime_D.uasset" 486
"../../../../../Unreal Projects/Defend/Content/MobileStarterContent/Textures/T_Metal_Rust_N.uasset" 487
"../../../../../Unreal Projects/Defend/Content/MobileStarterContent/Materials/M_Concrete_Grime.uasset" 488
"../../../../../Unreal Projects/Defend/Content/MobileStarterContent/Textures/T_Concrete_Panels_D.uasset" 489
"../../../../../Unreal Projects/Defend/Content/MobileStarterContent/Textures/T_Concrete_Panels_N.uasset" 490
"../../../../../Unreal Projects/Defend/Content/MobileStarterContent/Materials/M_Concrete_Panels.uasset" 491
"../../../../../Unreal Projects/Defend/Content/MobileStarterContent/Textures/T_Concrete_Poured_D.uasset" 492
"../../../../../Unreal Projects/Defend/Content/MobileStarterContent/Textures/T_Concrete_Poured_N.uasset" 493
"../../../../../Unreal Projects/Defend/Content/MobileStarterContent/Materials/M_Concrete_Poured.uasset" 494
"../../../../../Unreal Projects/Defend/Content/MobileStarterContent/Textures/T_Ground_Gravel_D.uasset" 495
"../../../../../Unreal Projects/Defend/Content/MobileStarterContent/Textures/T_Ground_Gravel_N.uasset" 496
"../../../../../Unreal Projects/Defend/Content/MobileStarterContent/Materials/M_Ground_Gravel.uasset" 497
"../../../../../Unreal Projects/Defend/Content/MobileStarterContent/Textures/T_ground_Moss_D.uasset" 498
"../../../../../Unreal Projects/Defend/Content/MobileStarterContent/Textures/T_Ground_Moss_N.uasset" 499
"../../../../../Unreal Projects/Defend/Content/MobileStarterContent/Materials/M_Ground_Moss.uasset" 500
"../../../../../Unreal Projects/Defend/Content/MobileStarterContent/Textures/T_MacroVariation.uasset" 501
"../../../../../Unreal Projects/Defend/Content/MobileStarterContent/Materials/M_Metal_Brushed_Nickel.uasset" 502
"../../../../../Unreal Projects/Defend/Content/MobileStarterContent/Textures/T_Metal_Aluminum_D.uasset" 503
"../../../../../Unreal Projects/Defend/Content/MobileStarterContent/Textures/T_Metal_Gold_N.uasset" 504
"../../../../../Unreal Projects/Defend/Content/MobileStarterContent/Materials/M_Metal_Burnished_Steel.uasset" 505
"../../../../../Unreal Projects/Defend/Content/MobileStarterContent/Materials/M_Metal_Chrome.uasset" 506
"../../../../../Unreal Projects/Defend/Content/MobileStarterContent/Textures/T_Metal_Copper_D.uasset" 507
"../../../../../Unreal Projects/Defend/Content/MobileStarterContent/Materials/M_Metal_Copper.uasset" 508
"../../../../../Unreal Projects/Defend/Content/MobileStarterContent/Textures/T_Metal_Gold_D.uasset" 509
"../../../../../Unreal Projects/Defend/Content/MobileStarterContent/Materials/M_Metal_Gold.uasset" 510
"../../../../../Unreal Projects/Defend/Content/MobileStarterContent/Textures/T_Metal_Rust_D.uasset" 511
"../../../../../Unreal Projects/Defend/Content/MobileStarterContent/Materials/M_Metal_Rust.uasset" 512
"../../../../../Unreal Projects/Defend/Content/MobileStarterContent/Textures/T_Metal_Steel_D.uasset" 513
"../../../../../Unreal Projects/Defend/Content/MobileStarterContent/Textures/T_Metal_Steel_N.uasset" 514
"../../../../../Unreal Projects/Defend/Content/MobileStarterContent/Materials/M_Metal_Steel.uasset" 515
"../../../../../Unreal Projects/Defend/Content/MobileStarterContent/Textures/T_Rock_Basalt_N.uasset" 516
"../../../../../Unreal Projects/Defend/Content/MobileStarterContent/Materials/M_Rock_Basalt.uasset" 517
"../../../../../Unreal Projects/Defend/Content/MobileStarterContent/Materials/M_Rock_Marble_Polished.uasset" 518
"../../../../../Unreal Projects/Defend/Content/MobileStarterContent/Textures/T_Rock_Sandstone_D.uasset" 519
"../../../../../Unreal Projects/Defend/Content/MobileStarterContent/Textures/T_Rock_Sandstone_N.uasset" 520
"../../../../../Unreal Projects/Defend/Content/MobileStarterContent/Materials/M_Rock_Sandstone.uasset" 521
"../../../../../Unreal Projects/Defend/Content/MobileStarterContent/Textures/T_Rock_Slate_D.uasset" 522
"../../../../../Unreal Projects/Defend/Content/MobileStarterContent/Textures/T_Rock_Slate_N.uasset" 523
"../../../../../Unreal Projects/Defend/Content/MobileStarterContent/Materials/M_Rock_Slate.uasset" 524
"../../../../../Unreal Projects/Defend/Content/MobileStarterContent/Textures/T_Checker_Noise_M.uasset" 525
"../../../../../Unreal Projects/Defend/Content/MobileStarterContent/Textures/T_Single_Tile_N.uasset" 526
"../../../../../Unreal Projects/Defend/Content/MobileStarterContent/Textures/T_Tech_Dot_M.uasset" 527
"../../../../../Unreal Projects/Defend/Content/MobileStarterContent/Textures/T_Tech_Dot_N.uasset" 528
"../../../../../Unreal Projects/Defend/Content/MobileStarterContent/Materials/M_Tech_Checker_Dot.uasset" 529
"../../../../../Unreal Projects/Defend/Content/MobileStarterContent/Textures/T_Tech_Hex_Tile_M.uasset" 530
"../../../../../Unreal Projects/Defend/Content/MobileStarterContent/Textures/T_Tech_Hex_Tile_N.uasset" 531
"../../../../../Unreal Projects/Defend/Content/MobileStarterContent/Materials/M_Tech_Hex_Tile.uasset" 532
"../../../../../Unreal Projects/Defend/Content/MobileStarterContent/Materials/M_Tech_Hex_Tile_Pulse.uasset" 533
"../../../../../Unreal Projects/Defend/Content/MobileStarterContent/Textures/T_Tech_Panel_M.uasset" 534
"../../../../../Unreal Projects/Defend/Content/MobileStarterContent/Textures/T_Tech_Panel_N.uasset" 535
"../../../../../Unreal Projects/Defend/Content/MobileStarterContent/Materials/M_Tech_Panel.uasset" 536
"../../../../../Unreal Projects/Defend/Content/MobileStarterContent/Textures/T_Water_N.uasset" 537
"../../../../../Unreal Projects/Defend/Content/MobileStarterContent/Materials/M_Water_Lake.uasset" 538
"../../../Engine/Content/Functions/Engine_MaterialFunctions02/Utility/BlendAngleCorrectedNormals.uasset" 539
"../../../../../Unreal Projects/Defend/Content/MobileStarterContent/Textures/T_Water_M.uasset" 540
"../../../../../Unreal Projects/Defend/Content/MobileStarterContent/Materials/M_Water_Ocean.uasset" 541
"../../../../../Unreal Projects/Defend/Content/MobileStarterContent/Textures/T_Wood_Floor_Walnut_D.uasset" 542
"../../../../../Unreal Projects/Defend/Content/MobileStarterContent/Textures/T_Wood_Floor_Walnut_M.uasset" 543
"../../../../../Unreal Projects/Defend/Content/MobileStarterContent/Textures/T_Wood_Floor_Walnut_N.uasset" 544
"../../../../../Unreal Projects/Defend/Content/MobileStarterContent/Materials/M_Wood_Floor_Walnut_Polished.uasset" 545
"../../../../../Unreal Projects/Defend/Content/MobileStarterContent/Materials/M_Wood_Floor_Walnut_Worn.uasset" 546
"../../../../../Unreal Projects/Defend/Content/MobileStarterContent/Textures/T_Wood_Oak_D.uasset" 547
"../../../../../Unreal Projects/Defend/Content/MobileStarterContent/Textures/T_Wood_Oak_N.uasset" 548
"../../../../../Unreal Projects/Defend/Content/MobileStarterContent/Materials/M_Wood_Oak.uasset" 549
"../../../../../Unreal Projects/Defend/Content/MobileStarterContent/Textures/T_Wood_Pine_D.uasset" 550
"../../../../../Unreal Projects/Defend/Content/MobileStarterContent/Textures/T_Wood_Pine_N.uasset" 551
"../../../../../Unreal Projects/Defend/Content/MobileStarterContent/Materials/M_Wood_Pine.uasset" 552
"../../../../../Unreal Projects/Defend/Content/MobileStarterContent/Textures/T_Wood_Walnut_D.uasset" 553
"../../../../../Unreal Projects/Defend/Content/MobileStarterContent/Textures/T_Wood_Walnut_N.uasset" 554
"../../../../../Unreal Projects/Defend/Content/MobileStarterContent/Materials/M_Wood_Walnut.uasset" 555
"../../../../../Unreal Projects/Defend/Content/MobileStarterContent/Architecture/Wall_400x200.uasset" 556
"../../../../../Unreal Projects/Defend/Content/MobileStarterContent/Architecture/Wall_Door_400x300.uasset" 557
"../../../../../Unreal Projects/Defend/Content/MobileStarterContent/Architecture/Wall_Window_400x300.uasset" 558
"../../../../../Unreal Projects/Defend/Content/MobileStarterContent/Audio/Collapse01.uasset" 559
"../../../../../Unreal Projects/Defend/Content/MobileStarterContent/Audio/Collapse02.uasset" 560
"../../../../../Unreal Projects/Defend/Content/MobileStarterContent/Audio/Collapse_Cue.uasset" 561
"../../../../../Unreal Projects/Defend/Content/MobileStarterContent/Audio/Starter_Birds01.uasset" 562
"../../../../../Unreal Projects/Defend/Content/MobileStarterContent/Audio/Starter_Wind05.uasset" 563
"../../../../../Unreal Projects/Defend/Content/MobileStarterContent/Audio/Starter_Wind06.uasset" 564
"../../../../../Unreal Projects/Defend/Content/MobileStarterContent/Audio/Starter_Background_Cue.uasset" 565
"../../../../../Unreal Projects/Defend/Content/MobileStarterContent/Audio/Starter_Music01.uasset" 566
"../../../../../Unreal Projects/Defend/Content/MobileStarterContent/Audio/Starter_Music_Cue.uasset" 567
"../../../../../Unreal Projects/Defend/Content/MobileStarterContent/Textures/T_Dust_Particle_D.uasset" 568
"../../../../../Unreal Projects/Defend/Content/MobileStarterContent/Particles/Materials/M_Dust_Particle.uasset" 569
"../../../../../Unreal Projects/Defend/Content/MobileStarterContent/Particles/P_Ambient_Dust.uasset" 570
"../../../../../Unreal Projects/Defend/Content/MobileStarterContent/Props/MaterialSphere.uasset" 571
"../../../../../Unreal Projects/Defend/Content/MobileStarterContent/Textures/T_Frame_M.uasset" 572
"../../../../../Unreal Projects/Defend/Content/MobileStarterContent/Textures/T_Frame_N.uasset" 573
"../../../../../Unreal Projects/Defend/Content/MobileStarterContent/Props/Materials/M_Frame.uasset" 574
"../../../../../Unreal Projects/Defend/Content/MobileStarterContent/Props/SM_CornerFrame.uasset" 575
"../../../../../Unreal Projects/Defend/Content/MobileStarterContent/Props/SM_DoorFrame.uasset" 576
"../../../../../Unreal Projects/Defend/Content/MobileStarterContent/Props/SM_GlassWindow.uasset" 577
"../../../../../Unreal Projects/Defend/Content/MobileStarterContent/Props/SM_PillarFrame.uasset" 578
"../../../../../Unreal Projects/Defend/Content/MobileStarterContent/Props/SM_PillarFrame300.uasset" 579
"../../../../../Unreal Projects/Defend/Content/MobileStarterContent/Props/SM_WindowFrame.uasset" 580
"../../../../../Unreal Projects/Defend/Content/MobileStarterContent/Shapes/Shape_Cube.uasset" 581
"../../../../../Unreal Projects/Defend/Content/MobileStarterContent/Shapes/Shape_QuadPyramid.uasset" 582
"../../../../../Unreal Projects/Defend/Content/MobileStarterContent/Shapes/Shape_Sphere.uasset" 583
"../../../../../Unreal Projects/Defend/Content/MobileStarterContent/Maps/StarterMap.umap" 584
